c:\users\f80846c\documents\my_docs\_sourcecodes\designproject\designproject\x64\release\waitingspinnerwidget.obj
c:\users\f80846c\documents\my_docs\_sourcecodes\designproject\designproject\x64\release\main.obj
c:\users\f80846c\documents\my_docs\_sourcecodes\designproject\designproject\x64\release\designmethodtoolkit.obj
c:\users\f80846c\documents\my_docs\_sourcecodes\designproject\designproject\x64\release\mainwindow.obj
c:\users\f80846c\documents\my_docs\_sourcecodes\designproject\designproject\x64\release\moc_mainwindow.obj
c:\users\f80846c\documents\my_docs\_sourcecodes\designproject\designproject\x64\release\qrc_mainwindow.obj
c:\users\f80846c\documents\my_docs\_sourcecodes\designproject\designproject\x64\release\moc_waitingspinnerwidget.obj
c:\users\f80846c\documents\my_docs\_sourcecodes\designproject\designproject\x64\release\moc_designmethodtoolkit.obj
c:\users\f80846c\documents\my_docs\_sourcecodes\designproject\designproject\x64\release\uic\ui_mainwindow.h
c:\users\f80846c\documents\my_docs\_sourcecodes\designproject\designproject\x64\release\rcc\qrc_mainwindow.cpp
c:\users\f80846c\documents\my_docs\_sourcecodes\designproject\designproject\x64\release\moc\moc_mainwindow.cpp
c:\users\f80846c\documents\my_docs\_sourcecodes\designproject\designproject\x64\release\moc\moc_designmethodtoolkit.cpp
c:\users\f80846c\documents\my_docs\_sourcecodes\designproject\designproject\x64\release\moc\moc_waitingspinnerwidget.cpp
c:\users\f80846c\documents\my_docs\_sourcecodes\designproject\x64\release\designproject.exe
c:\users\f80846c\documents\my_docs\_sourcecodes\designproject\designproject\x64\release\\moc\moc_designmethodtoolkit.cpp
c:\users\f80846c\documents\my_docs\_sourcecodes\designproject\designproject\x64\release\\moc\moc_mainwindow.cpp
c:\users\f80846c\documents\my_docs\_sourcecodes\designproject\designproject\x64\release\\moc\moc_waitingspinnerwidget.cpp
c:\users\f80846c\documents\my_docs\_sourcecodes\designproject\designproject\x64\release\designproject.res
c:\users\f80846c\documents\my_docs\_sourcecodes\designproject\designproject\x64\release\\rcc\qrc_mainwindow.cpp
c:\users\f80846c\documents\my_docs\_sourcecodes\designproject\designproject\x64\release\\uic\ui_mainwindow.h
c:\users\f80846c\documents\my_docs\_sourcecodes\designproject\designproject\x64\release\designproject.tlog\cl.11772.write.1.tlog
c:\users\f80846c\documents\my_docs\_sourcecodes\designproject\designproject\x64\release\designproject.tlog\cl.command.1.tlog
c:\users\f80846c\documents\my_docs\_sourcecodes\designproject\designproject\x64\release\designproject.tlog\cl.read.1.tlog
c:\users\f80846c\documents\my_docs\_sourcecodes\designproject\designproject\x64\release\designproject.tlog\designproject.write.1u.tlog
c:\users\f80846c\documents\my_docs\_sourcecodes\designproject\designproject\x64\release\designproject.tlog\link.command.1.tlog
c:\users\f80846c\documents\my_docs\_sourcecodes\designproject\designproject\x64\release\designproject.tlog\link.read.1.tlog
c:\users\f80846c\documents\my_docs\_sourcecodes\designproject\designproject\x64\release\designproject.tlog\link.write.1.tlog
c:\users\f80846c\documents\my_docs\_sourcecodes\designproject\designproject\x64\release\designproject.tlog\moc.read.1u.tlog
c:\users\f80846c\documents\my_docs\_sourcecodes\designproject\designproject\x64\release\designproject.tlog\moc.write.1u.tlog
c:\users\f80846c\documents\my_docs\_sourcecodes\designproject\designproject\x64\release\designproject.tlog\rc.command.1.tlog
c:\users\f80846c\documents\my_docs\_sourcecodes\designproject\designproject\x64\release\designproject.tlog\rc.read.1.tlog
c:\users\f80846c\documents\my_docs\_sourcecodes\designproject\designproject\x64\release\designproject.tlog\rc.write.1.tlog
c:\users\f80846c\documents\my_docs\_sourcecodes\designproject\designproject\x64\release\designproject.tlog\rcc.read.1u.tlog
c:\users\f80846c\documents\my_docs\_sourcecodes\designproject\designproject\x64\release\designproject.tlog\rcc.write.1u.tlog
c:\users\f80846c\documents\my_docs\_sourcecodes\designproject\designproject\x64\release\designproject.tlog\uic.read.1u.tlog
c:\users\f80846c\documents\my_docs\_sourcecodes\designproject\designproject\x64\release\designproject.tlog\uic.write.1u.tlog
